<?xml version="1.0" encoding="UTF-8"?>
<!-- Generated by org.testng.reporters.JUnitReportReporter -->
<testsuite hostname="TVDI-040" failures="0" tests="5" name="com.testgit.Git" time="23.688" errors="0" timestamp="2023-07-18T15:39:39 IST" skipped="0">
  <testcase classname="com.testgit.Git" name="getUser" time="3.368"/>
  <testcase classname="com.testgit.Git" name="getRepo" time="0.529"/>
  <testcase classname="com.testgit.Git" name="createRepo" time="5.681"/>
  <testcase classname="com.testgit.Git" name="updateRepo" time="1.881"/>
  <testcase classname="com.testgit.Git" name="deleteRepo" time="12.229"/>
</testsuite> <!-- com.testgit.Git -->
